<?xml version="1.0" encoding="UTF-8"?>
<testng-results skipped="0" failed="0" total="1" passed="1">
  <reporter-output>
  </reporter-output>
  <suite name="Default suite" duration-ms="47067" started-at="2019-06-19T05:40:40Z" finished-at="2019-06-19T05:41:27Z">
    <groups>
    </groups>
    <test name="Default test" duration-ms="47067" started-at="2019-06-19T05:40:40Z" finished-at="2019-06-19T05:41:27Z">
      <class name="com.training.sanity.tests.Addclasses">
        <test-method status="PASS" signature="setUpBeforeClass()[pri:0, instance:com.training.sanity.tests.Addclasses@3c5a99da]" name="setUpBeforeClass" is-config="true" duration-ms="7112" started-at="2019-06-19T11:10:40Z" finished-at="2019-06-19T11:10:47Z">
          <reporter-output>
          </reporter-output>
        </test-method> <!-- setUpBeforeClass -->
        <test-method status="PASS" signature="validLoginTest()[pri:0, instance:com.training.sanity.tests.Addclasses@3c5a99da]" name="validLoginTest" duration-ms="38075" started-at="2019-06-19T11:10:47Z" finished-at="2019-06-19T11:11:25Z">
          <reporter-output>
          </reporter-output>
        </test-method> <!-- validLoginTest -->
        <test-method status="PASS" signature="tearDown()[pri:0, instance:com.training.sanity.tests.Addclasses@3c5a99da]" name="tearDown" is-config="true" duration-ms="1863" started-at="2019-06-19T11:11:25Z" finished-at="2019-06-19T11:11:27Z">
          <reporter-output>
          </reporter-output>
        </test-method> <!-- tearDown -->
      </class> <!-- com.training.sanity.tests.Addclasses -->
    </test> <!-- Default test -->
  </suite> <!-- Default suite -->
</testng-results>
